<?xml version="1.0" encoding="utf-8"?><testsuites name="pytest tests"><testsuite name="pytest" errors="0" failures="0" skipped="0" tests="11" time="1.198" timestamp="2026-05-08T08:44:57.108478+00:00" hostname="agent-env-441e11ac-4c0c-45e7-9e08-223ac4a595a0"><testcase classname="backend.tests.backend_test.TestHealth" name="test_health_endpoint" time="0.144" /><testcase classname="backend.tests.backend_test.TestHealth" name="test_root_endpoint" time="0.063" /><testcase classname="backend.tests.backend_test.TestPublicStats" name="test_stats_keys_present" time="0.064" /><testcase classname="backend.tests.backend_test.TestLeadsCreate" name="test_create_lead_minimal" time="0.065" /><testcase classname="backend.tests.backend_test.TestLeadsCreate" name="test_create_lead_full_fields" time="0.134" /><testcase classname="backend.tests.backend_test.TestLeadsValidation" name="test_missing_name_returns_422" time="0.069" /><testcase classname="backend.tests.backend_test.TestLeadsValidation" name="test_missing_phone_returns_422" time="0.062" /><testcase classname="backend.tests.backend_test.TestLeadsValidation" name="test_missing_business_type_returns_422" time="0.063" /><testcase classname="backend.tests.backend_test.TestLeadsValidation" name="test_invalid_email_returns_422" time="0.065" /><testcase classname="backend.tests.backend_test.TestLeadsList" name="test_list_leads_no_object_id_leak" time="0.144" /><testcase classname="backend.tests.backend_test.TestLeadsList" name="test_list_leads_sorted_recent_first" time="0.192" /></testsuite></testsuites>